<?xml version="1.0" encoding="UTF-8"?>
<coverage generated="1739634266966" clover="3.2.0">
  <project timestamp="1739634266966" name="All files">
    <metrics statements="51" coveredstatements="51" conditionals="58" coveredconditionals="58" methods="4" coveredmethods="4" elements="113" coveredelements="113" complexity="0" loc="51" ncloc="51" packages="1" files="3" classes="3"/>
    <file name="api.js" path="/workspaces/javascript-node/meteo/src/api.js">
      <metrics statements="5" coveredstatements="5" conditionals="0" coveredconditionals="0" methods="1" coveredmethods="1"/>
      <line num="3" count="1" type="stmt"/>
      <line num="4" count="2" type="stmt"/>
      <line num="5" count="2" type="stmt"/>
      <line num="6" count="1" type="stmt"/>
      <line num="7" count="1" type="stmt"/>
    </file>
    <file name="meteo.js" path="/workspaces/javascript-node/meteo/src/meteo.js">
      <metrics statements="34" coveredstatements="34" conditionals="29" coveredconditionals="29" methods="2" coveredmethods="2"/>
      <line num="2" count="31" type="cond" truecount="29" falsecount="0"/>
      <line num="4" count="2" type="stmt"/>
      <line num="5" count="2" type="stmt"/>
      <line num="9" count="4" type="stmt"/>
      <line num="12" count="4" type="stmt"/>
      <line num="15" count="2" type="stmt"/>
      <line num="16" count="2" type="stmt"/>
      <line num="20" count="3" type="stmt"/>
      <line num="21" count="3" type="stmt"/>
      <line num="24" count="2" type="stmt"/>
      <line num="25" count="2" type="stmt"/>
      <line num="29" count="3" type="stmt"/>
      <line num="30" count="3" type="stmt"/>
      <line num="33" count="2" type="stmt"/>
      <line num="34" count="2" type="stmt"/>
      <line num="38" count="3" type="stmt"/>
      <line num="39" count="3" type="stmt"/>
      <line num="41" count="1" type="stmt"/>
      <line num="42" count="1" type="stmt"/>
      <line num="46" count="3" type="stmt"/>
      <line num="47" count="3" type="stmt"/>
      <line num="50" count="2" type="stmt"/>
      <line num="51" count="2" type="stmt"/>
      <line num="53" count="1" type="stmt"/>
      <line num="54" count="1" type="stmt"/>
      <line num="57" count="2" type="stmt"/>
      <line num="58" count="2" type="stmt"/>
      <line num="60" count="1" type="stmt"/>
      <line num="61" count="1" type="stmt"/>
      <line num="65" count="1" type="stmt"/>
      <line num="73" count="1" type="stmt"/>
      <line num="74" count="1" type="stmt"/>
      <line num="75" count="1" type="stmt"/>
      <line num="76" count="1" type="stmt"/>
    </file>
    <file name="utils.js" path="/workspaces/javascript-node/meteo/src/utils.js">
      <metrics statements="12" coveredstatements="12" conditionals="29" coveredconditionals="29" methods="1" coveredmethods="1"/>
      <line num="2" count="14" type="stmt"/>
      <line num="3" count="14" type="cond" truecount="5" falsecount="0"/>
      <line num="4" count="4" type="stmt"/>
      <line num="7" count="10" type="cond" truecount="8" falsecount="0"/>
      <line num="9" count="3" type="stmt"/>
      <line num="11" count="1" type="stmt"/>
      <line num="13" count="1" type="stmt"/>
      <line num="15" count="1" type="stmt"/>
      <line num="17" count="1" type="stmt"/>
      <line num="19" count="1" type="stmt"/>
      <line num="21" count="1" type="stmt"/>
      <line num="23" count="1" type="stmt"/>
    </file>
  </project>
</coverage>
