<?xml version="1.0" encoding="UTF-8"?>
<coverage generated="1737487401681" clover="3.2.0">
  <project timestamp="1737487401681" name="All files">
    <metrics statements="10" coveredstatements="4" conditionals="32" coveredconditionals="10" methods="1" coveredmethods="1" elements="43" coveredelements="15" complexity="0" loc="10" ncloc="10" packages="1" files="1" classes="1"/>
    <file name="utils.js" path="/workspaces/javascript-node/meteov2/src/utils.js">
      <metrics statements="10" coveredstatements="4" conditionals="32" coveredconditionals="10" methods="1" coveredmethods="1"/>
      <line num="2" count="2" type="stmt"/>
      <line num="3" count="2" type="cond" truecount="4" falsecount="0"/>
      <line num="4" count="1" type="cond" truecount="3" falsecount="1"/>
      <line num="5" count="1" type="cond" truecount="3" falsecount="1"/>
      <line num="6" count="0" type="cond" truecount="0" falsecount="4"/>
      <line num="7" count="0" type="cond" truecount="0" falsecount="4"/>
      <line num="8" count="0" type="cond" truecount="0" falsecount="4"/>
      <line num="9" count="0" type="cond" truecount="0" falsecount="4"/>
      <line num="10" count="0" type="cond" truecount="0" falsecount="4"/>
      <line num="11" count="0" type="stmt"/>
    </file>
  </project>
</coverage>
