{"/workspaces/javascript-node/meteo/src/api.js": {"path":"/workspaces/javascript-node/meteo/src/api.js","statementMap":{"0":{"start":{"line":3,"column":37},"end":{"line":8,"column":1}},"1":{"start":{"line":4,"column":17},"end":{"line":4,"column":120}},"2":{"start":{"line":5,"column":23},"end":{"line":5,"column":42}},"3":{"start":{"line":6,"column":29},"end":{"line":6,"column":54}},"4":{"start":{"line":7,"column":2},"end":{"line":7,"column":28}}},"fnMap":{"0":{"name":"(anonymous_0)","decl":{"start":{"line":3,"column":37},"end":{"line":3,"column":38}},"loc":{"start":{"line":3,"column":66},"end":{"line":8,"column":1}},"line":3}},"branchMap":{},"s":{"0":1,"1":2,"2":2,"3":1,"4":1},"f":{"0":2},"b":{},"_coverageSchema":"1a1c01bbd47fc00a2c39e90264f33305004495a9","hash":"81aba8f3438fce8296ea88a0db08a743456ecd3d"}
,"/workspaces/javascript-node/meteo/src/meteo.js": {"path":"/workspaces/javascript-node/meteo/src/meteo.js","statementMap":{"0":{"start":{"line":2,"column":2},"end":{"line":62,"column":3}},"1":{"start":{"line":4,"column":6},"end":{"line":4,"column":40}},"2":{"start":{"line":5,"column":6},"end":{"line":5,"column":34}},"3":{"start":{"line":9,"column":6},"end":{"line":11,"column":8}},"4":{"start":{"line":12,"column":6},"end":{"line":12,"column":77}},"5":{"start":{"line":15,"column":6},"end":{"line":15,"column":54}},"6":{"start":{"line":16,"column":6},"end":{"line":16,"column":48}},"7":{"start":{"line":20,"column":6},"end":{"line":20,"column":71}},"8":{"start":{"line":21,"column":6},"end":{"line":21,"column":65}},"9":{"start":{"line":24,"column":6},"end":{"line":24,"column":70}},"10":{"start":{"line":25,"column":6},"end":{"line":25,"column":64}},"11":{"start":{"line":29,"column":6},"end":{"line":29,"column":70}},"12":{"start":{"line":30,"column":6},"end":{"line":30,"column":64}},"13":{"start":{"line":33,"column":6},"end":{"line":33,"column":69}},"14":{"start":{"line":34,"column":6},"end":{"line":34,"column":63}},"15":{"start":{"line":38,"column":6},"end":{"line":38,"column":77}},"16":{"start":{"line":39,"column":6},"end":{"line":39,"column":71}},"17":{"start":{"line":41,"column":6},"end":{"line":41,"column":43}},"18":{"start":{"line":42,"column":6},"end":{"line":42,"column":37}},"19":{"start":{"line":46,"column":6},"end":{"line":46,"column":75}},"20":{"start":{"line":47,"column":6},"end":{"line":47,"column":69}},"21":{"start":{"line":50,"column":6},"end":{"line":50,"column":74}},"22":{"start":{"line":51,"column":6},"end":{"line":51,"column":68}},"23":{"start":{"line":53,"column":6},"end":{"line":53,"column":63}},"24":{"start":{"line":54,"column":6},"end":{"line":54,"column":57}},"25":{"start":{"line":57,"column":6},"end":{"line":57,"column":76}},"26":{"start":{"line":58,"column":6},"end":{"line":58,"column":70}},"27":{"start":{"line":60,"column":6},"end":{"line":60,"column":54}},"28":{"start":{"line":61,"column":6},"end":{"line":61,"column":48}},"29":{"start":{"line":65,"column":0},"end":{"line":65,"column":23}},"30":{"start":{"line":73,"column":2},"end":{"line":73,"column":45}},"31":{"start":{"line":74,"column":2},"end":{"line":74,"column":58}},"32":{"start":{"line":75,"column":2},"end":{"line":75,"column":58}},"33":{"start":{"line":76,"column":2},"end":{"line":76,"column":49}}},"fnMap":{"0":{"name":"procesaCodigoTiempo","decl":{"start":{"line":1,"column":16},"end":{"line":1,"column":35}},"loc":{"start":{"line":1,"column":50},"end":{"line":63,"column":1}},"line":1},"1":{"name":"muestraInformacionMeteo","decl":{"start":{"line":67,"column":16},"end":{"line":67,"column":39}},"loc":{"start":{"line":72,"column":2},"end":{"line":77,"column":1}},"line":72}},"branchMap":{"0":{"loc":{"start":{"line":2,"column":2},"end":{"line":62,"column":3}},"type":"switch","locations":[{"start":{"line":3,"column":4},"end":{"line":5,"column":34}},{"start":{"line":6,"column":4},"end":{"line":6,"column":11}},{"start":{"line":7,"column":4},"end":{"line":7,"column":11}},{"start":{"line":8,"column":4},"end":{"line":12,"column":77}},{"start":{"line":13,"column":4},"end":{"line":13,"column":12}},{"start":{"line":14,"column":4},"end":{"line":16,"column":48}},{"start":{"line":17,"column":4},"end":{"line":17,"column":12}},{"start":{"line":18,"column":4},"end":{"line":18,"column":12}},{"start":{"line":19,"column":4},"end":{"line":21,"column":65}},{"start":{"line":22,"column":4},"end":{"line":22,"column":12}},{"start":{"line":23,"column":4},"end":{"line":25,"column":64}},{"start":{"line":26,"column":4},"end":{"line":26,"column":12}},{"start":{"line":27,"column":4},"end":{"line":27,"column":12}},{"start":{"line":28,"column":4},"end":{"line":30,"column":64}},{"start":{"line":31,"column":4},"end":{"line":31,"column":12}},{"start":{"line":32,"column":4},"end":{"line":34,"column":63}},{"start":{"line":35,"column":4},"end":{"line":35,"column":12}},{"start":{"line":36,"column":4},"end":{"line":36,"column":12}},{"start":{"line":37,"column":4},"end":{"line":39,"column":71}},{"start":{"line":40,"column":4},"end":{"line":42,"column":37}},{"start":{"line":43,"column":4},"end":{"line":43,"column":12}},{"start":{"line":44,"column":4},"end":{"line":44,"column":12}},{"start":{"line":45,"column":4},"end":{"line":47,"column":69}},{"start":{"line":48,"column":4},"end":{"line":48,"column":12}},{"start":{"line":49,"column":4},"end":{"line":51,"column":68}},{"start":{"line":52,"column":4},"end":{"line":54,"column":57}},{"start":{"line":55,"column":4},"end":{"line":55,"column":12}},{"start":{"line":56,"column":4},"end":{"line":58,"column":70}},{"start":{"line":59,"column":4},"end":{"line":61,"column":48}}],"line":2}},"s":{"0":31,"1":2,"2":2,"3":4,"4":4,"5":2,"6":2,"7":3,"8":3,"9":2,"10":2,"11":3,"12":3,"13":2,"14":2,"15":3,"16":3,"17":1,"18":1,"19":3,"20":3,"21":2,"22":2,"23":1,"24":1,"25":2,"26":2,"27":1,"28":1,"29":1,"30":1,"31":1,"32":1,"33":1},"f":{"0":31,"1":1},"b":{"0":[2,2,3,4,1,2,1,2,3,1,2,1,2,3,1,2,1,2,3,1,1,2,3,1,2,1,1,2,1]},"_coverageSchema":"1a1c01bbd47fc00a2c39e90264f33305004495a9","hash":"f8777678f69419a2c0147de11eff218327b7cdcc"}
,"/workspaces/javascript-node/meteo/src/utils.js": {"path":"/workspaces/javascript-node/meteo/src/utils.js","statementMap":{"0":{"start":{"line":2,"column":17},"end":{"line":2,"column":46}},"1":{"start":{"line":3,"column":2},"end":{"line":5,"column":3}},"2":{"start":{"line":4,"column":4},"end":{"line":4,"column":25}},"3":{"start":{"line":7,"column":2},"end":{"line":24,"column":3}},"4":{"start":{"line":9,"column":6},"end":{"line":9,"column":21}},"5":{"start":{"line":11,"column":6},"end":{"line":11,"column":23}},"6":{"start":{"line":13,"column":6},"end":{"line":13,"column":20}},"7":{"start":{"line":15,"column":6},"end":{"line":15,"column":23}},"8":{"start":{"line":17,"column":6},"end":{"line":17,"column":19}},"9":{"start":{"line":19,"column":6},"end":{"line":19,"column":24}},"10":{"start":{"line":21,"column":6},"end":{"line":21,"column":21}},"11":{"start":{"line":23,"column":6},"end":{"line":23,"column":24}}},"fnMap":{"0":{"name":"procesaDireccionViento","decl":{"start":{"line":1,"column":16},"end":{"line":1,"column":38}},"loc":{"start":{"line":1,"column":62},"end":{"line":25,"column":1}},"line":1}},"branchMap":{"0":{"loc":{"start":{"line":3,"column":2},"end":{"line":5,"column":3}},"type":"if","locations":[{"start":{"line":3,"column":2},"end":{"line":5,"column":3}},{"start":{},"end":{}}],"line":3},"1":{"loc":{"start":{"line":3,"column":6},"end":{"line":3,"column":49}},"type":"binary-expr","locations":[{"start":{"line":3,"column":6},"end":{"line":3,"column":19}},{"start":{"line":3,"column":23},"end":{"line":3,"column":33}},{"start":{"line":3,"column":37},"end":{"line":3,"column":49}}],"line":3},"2":{"loc":{"start":{"line":7,"column":2},"end":{"line":24,"column":3}},"type":"switch","locations":[{"start":{"line":8,"column":4},"end":{"line":9,"column":21}},{"start":{"line":10,"column":4},"end":{"line":11,"column":23}},{"start":{"line":12,"column":4},"end":{"line":13,"column":20}},{"start":{"line":14,"column":4},"end":{"line":15,"column":23}},{"start":{"line":16,"column":4},"end":{"line":17,"column":19}},{"start":{"line":18,"column":4},"end":{"line":19,"column":24}},{"start":{"line":20,"column":4},"end":{"line":21,"column":21}},{"start":{"line":22,"column":4},"end":{"line":23,"column":24}}],"line":7},"3":{"loc":{"start":{"line":8,"column":10},"end":{"line":8,"column":42}},"type":"binary-expr","locations":[{"start":{"line":8,"column":10},"end":{"line":8,"column":25}},{"start":{"line":8,"column":29},"end":{"line":8,"column":42}}],"line":8},"4":{"loc":{"start":{"line":10,"column":10},"end":{"line":10,"column":41}},"type":"binary-expr","locations":[{"start":{"line":10,"column":10},"end":{"line":10,"column":24}},{"start":{"line":10,"column":28},"end":{"line":10,"column":41}}],"line":10},"5":{"loc":{"start":{"line":12,"column":10},"end":{"line":12,"column":42}},"type":"binary-expr","locations":[{"start":{"line":12,"column":10},"end":{"line":12,"column":24}},{"start":{"line":12,"column":28},"end":{"line":12,"column":42}}],"line":12},"6":{"loc":{"start":{"line":14,"column":10},"end":{"line":14,"column":43}},"type":"binary-expr","locations":[{"start":{"line":14,"column":10},"end":{"line":14,"column":25}},{"start":{"line":14,"column":29},"end":{"line":14,"column":43}}],"line":14},"7":{"loc":{"start":{"line":16,"column":10},"end":{"line":16,"column":43}},"type":"binary-expr","locations":[{"start":{"line":16,"column":10},"end":{"line":16,"column":25}},{"start":{"line":16,"column":29},"end":{"line":16,"column":43}}],"line":16},"8":{"loc":{"start":{"line":18,"column":10},"end":{"line":18,"column":43}},"type":"binary-expr","locations":[{"start":{"line":18,"column":10},"end":{"line":18,"column":25}},{"start":{"line":18,"column":29},"end":{"line":18,"column":43}}],"line":18},"9":{"loc":{"start":{"line":20,"column":10},"end":{"line":20,"column":43}},"type":"binary-expr","locations":[{"start":{"line":20,"column":10},"end":{"line":20,"column":25}},{"start":{"line":20,"column":29},"end":{"line":20,"column":43}}],"line":20},"10":{"loc":{"start":{"line":22,"column":10},"end":{"line":22,"column":43}},"type":"binary-expr","locations":[{"start":{"line":22,"column":10},"end":{"line":22,"column":25}},{"start":{"line":22,"column":29},"end":{"line":22,"column":43}}],"line":22}},"s":{"0":14,"1":14,"2":4,"3":10,"4":3,"5":1,"6":1,"7":1,"8":1,"9":1,"10":1,"11":1},"f":{"0":14},"b":{"0":[4,10],"1":[14,12,11],"2":[3,1,1,1,1,1,1,1],"3":[10,9],"4":[7,7],"5":[6,6],"6":[5,5],"7":[4,4],"8":[3,3],"9":[2,2],"10":[1,1]},"_coverageSchema":"1a1c01bbd47fc00a2c39e90264f33305004495a9","hash":"49ac98153ceb3c71ff98860f5f1f4a0df6a19480"}
}
