{"/workspaces/javascript-node/meteov2/src/utils.js": {"path":"/workspaces/javascript-node/meteov2/src/utils.js","statementMap":{"0":{"start":{"line":2,"column":17},"end":{"line":2,"column":46}},"1":{"start":{"line":3,"column":2},"end":{"line":3,"column":55}},"2":{"start":{"line":3,"column":40},"end":{"line":3,"column":55}},"3":{"start":{"line":4,"column":2},"end":{"line":4,"column":56}},"4":{"start":{"line":4,"column":39},"end":{"line":4,"column":56}},"5":{"start":{"line":5,"column":2},"end":{"line":5,"column":54}},"6":{"start":{"line":5,"column":40},"end":{"line":5,"column":54}},"7":{"start":{"line":6,"column":2},"end":{"line":6,"column":58}},"8":{"start":{"line":6,"column":41},"end":{"line":6,"column":58}},"9":{"start":{"line":7,"column":2},"end":{"line":7,"column":54}},"10":{"start":{"line":7,"column":41},"end":{"line":7,"column":54}},"11":{"start":{"line":8,"column":2},"end":{"line":8,"column":59}},"12":{"start":{"line":8,"column":41},"end":{"line":8,"column":59}},"13":{"start":{"line":9,"column":2},"end":{"line":9,"column":56}},"14":{"start":{"line":9,"column":41},"end":{"line":9,"column":56}},"15":{"start":{"line":10,"column":2},"end":{"line":10,"column":59}},"16":{"start":{"line":10,"column":41},"end":{"line":10,"column":59}},"17":{"start":{"line":11,"column":2},"end":{"line":11,"column":23}}},"fnMap":{"0":{"name":"procesaDireccionViento","decl":{"start":{"line":1,"column":16},"end":{"line":1,"column":38}},"loc":{"start":{"line":1,"column":62},"end":{"line":12,"column":1}},"line":1}},"branchMap":{"0":{"loc":{"start":{"line":3,"column":2},"end":{"line":3,"column":55}},"type":"if","locations":[{"start":{"line":3,"column":2},"end":{"line":3,"column":55}},{"start":{},"end":{}}],"line":3},"1":{"loc":{"start":{"line":3,"column":6},"end":{"line":3,"column":38}},"type":"binary-expr","locations":[{"start":{"line":3,"column":6},"end":{"line":3,"column":21}},{"start":{"line":3,"column":25},"end":{"line":3,"column":38}}],"line":3},"2":{"loc":{"start":{"line":4,"column":2},"end":{"line":4,"column":56}},"type":"if","locations":[{"start":{"line":4,"column":2},"end":{"line":4,"column":56}},{"start":{},"end":{}}],"line":4},"3":{"loc":{"start":{"line":4,"column":6},"end":{"line":4,"column":37}},"type":"binary-expr","locations":[{"start":{"line":4,"column":6},"end":{"line":4,"column":20}},{"start":{"line":4,"column":24},"end":{"line":4,"column":37}}],"line":4},"4":{"loc":{"start":{"line":5,"column":2},"end":{"line":5,"column":54}},"type":"if","locations":[{"start":{"line":5,"column":2},"end":{"line":5,"column":54}},{"start":{},"end":{}}],"line":5},"5":{"loc":{"start":{"line":5,"column":6},"end":{"line":5,"column":38}},"type":"binary-expr","locations":[{"start":{"line":5,"column":6},"end":{"line":5,"column":20}},{"start":{"line":5,"column":24},"end":{"line":5,"column":38}}],"line":5},"6":{"loc":{"start":{"line":6,"column":2},"end":{"line":6,"column":58}},"type":"if","locations":[{"start":{"line":6,"column":2},"end":{"line":6,"column":58}},{"start":{},"end":{}}],"line":6},"7":{"loc":{"start":{"line":6,"column":6},"end":{"line":6,"column":39}},"type":"binary-expr","locations":[{"start":{"line":6,"column":6},"end":{"line":6,"column":21}},{"start":{"line":6,"column":25},"end":{"line":6,"column":39}}],"line":6},"8":{"loc":{"start":{"line":7,"column":2},"end":{"line":7,"column":54}},"type":"if","locations":[{"start":{"line":7,"column":2},"end":{"line":7,"column":54}},{"start":{},"end":{}}],"line":7},"9":{"loc":{"start":{"line":7,"column":6},"end":{"line":7,"column":39}},"type":"binary-expr","locations":[{"start":{"line":7,"column":6},"end":{"line":7,"column":21}},{"start":{"line":7,"column":25},"end":{"line":7,"column":39}}],"line":7},"10":{"loc":{"start":{"line":8,"column":2},"end":{"line":8,"column":59}},"type":"if","locations":[{"start":{"line":8,"column":2},"end":{"line":8,"column":59}},{"start":{},"end":{}}],"line":8},"11":{"loc":{"start":{"line":8,"column":6},"end":{"line":8,"column":39}},"type":"binary-expr","locations":[{"start":{"line":8,"column":6},"end":{"line":8,"column":21}},{"start":{"line":8,"column":25},"end":{"line":8,"column":39}}],"line":8},"12":{"loc":{"start":{"line":9,"column":2},"end":{"line":9,"column":56}},"type":"if","locations":[{"start":{"line":9,"column":2},"end":{"line":9,"column":56}},{"start":{},"end":{}}],"line":9},"13":{"loc":{"start":{"line":9,"column":6},"end":{"line":9,"column":39}},"type":"binary-expr","locations":[{"start":{"line":9,"column":6},"end":{"line":9,"column":21}},{"start":{"line":9,"column":25},"end":{"line":9,"column":39}}],"line":9},"14":{"loc":{"start":{"line":10,"column":2},"end":{"line":10,"column":59}},"type":"if","locations":[{"start":{"line":10,"column":2},"end":{"line":10,"column":59}},{"start":{},"end":{}}],"line":10},"15":{"loc":{"start":{"line":10,"column":6},"end":{"line":10,"column":39}},"type":"binary-expr","locations":[{"start":{"line":10,"column":6},"end":{"line":10,"column":21}},{"start":{"line":10,"column":25},"end":{"line":10,"column":39}}],"line":10}},"s":{"0":2,"1":2,"2":1,"3":1,"4":0,"5":1,"6":1,"7":0,"8":0,"9":0,"10":0,"11":0,"12":0,"13":0,"14":0,"15":0,"16":0,"17":0},"f":{"0":2},"b":{"0":[1,1],"1":[2,2],"2":[0,1],"3":[1,1],"4":[1,0],"5":[1,1],"6":[0,0],"7":[0,0],"8":[0,0],"9":[0,0],"10":[0,0],"11":[0,0],"12":[0,0],"13":[0,0],"14":[0,0],"15":[0,0]},"_coverageSchema":"1a1c01bbd47fc00a2c39e90264f33305004495a9","hash":"6cd9c9a7bf23617d83887bbee9acaa3384a601a3"}
}
