TN:
SF:src/utils.js
FN:1,procesaDireccionViento
FNF:1
FNH:1
FNDA:2,procesaDireccionViento
DA:2,2
DA:3,2
DA:4,1
DA:5,1
DA:6,0
DA:7,0
DA:8,0
DA:9,0
DA:10,0
DA:11,0
LF:10
LH:4
BRDA:3,0,0,1
BRDA:3,0,1,1
BRDA:3,1,0,2
BRDA:3,1,1,2
BRDA:4,2,0,0
BRDA:4,2,1,1
BRDA:4,3,0,1
BRDA:4,3,1,1
BRDA:5,4,0,1
BRDA:5,4,1,0
BRDA:5,5,0,1
BRDA:5,5,1,1
BRDA:6,6,0,0
BRDA:6,6,1,0
BRDA:6,7,0,0
BRDA:6,7,1,0
BRDA:7,8,0,0
BRDA:7,8,1,0
BRDA:7,9,0,0
BRDA:7,9,1,0
BRDA:8,10,0,0
BRDA:8,10,1,0
BRDA:8,11,0,0
BRDA:8,11,1,0
BRDA:9,12,0,0
BRDA:9,12,1,0
BRDA:9,13,0,0
BRDA:9,13,1,0
BRDA:10,14,0,0
BRDA:10,14,1,0
BRDA:10,15,0,0
BRDA:10,15,1,0
BRF:32
BRH:10
end_of_record
