TN:
SF:src/api.js
FN:3,(anonymous_0)
FNF:1
FNH:1
FNDA:2,(anonymous_0)
DA:3,1
DA:4,2
DA:5,2
DA:6,1
DA:7,1
LF:5
LH:5
BRF:0
BRH:0
end_of_record
TN:
SF:src/meteo.js
FN:1,procesaCodigoTiempo
FN:67,muestraInformacionMeteo
FNF:2
FNH:1
FNDA:7,procesaCodigoTiempo
FNDA:0,muestraInformacionMeteo
DA:2,7
DA:4,2
DA:5,2
DA:9,1
DA:12,1
DA:15,1
DA:16,1
DA:20,0
DA:21,0
DA:24,0
DA:25,0
DA:29,1
DA:30,1
DA:33,0
DA:34,0
DA:38,0
DA:39,0
DA:41,0
DA:42,0
DA:46,0
DA:47,0
DA:50,0
DA:51,0
DA:53,1
DA:54,1
DA:57,0
DA:58,0
DA:60,1
DA:61,1
DA:65,1
DA:73,0
DA:74,0
DA:75,0
DA:76,0
LF:34
LH:14
BRDA:2,0,0,2
BRDA:2,0,1,1
BRDA:2,0,2,1
BRDA:2,0,3,1
BRDA:2,0,4,1
BRDA:2,0,5,1
BRDA:2,0,6,0
BRDA:2,0,7,0
BRDA:2,0,8,0
BRDA:2,0,9,0
BRDA:2,0,10,0
BRDA:2,0,11,1
BRDA:2,0,12,1
BRDA:2,0,13,1
BRDA:2,0,14,0
BRDA:2,0,15,0
BRDA:2,0,16,0
BRDA:2,0,17,0
BRDA:2,0,18,0
BRDA:2,0,19,0
BRDA:2,0,20,0
BRDA:2,0,21,0
BRDA:2,0,22,0
BRDA:2,0,23,0
BRDA:2,0,24,0
BRDA:2,0,25,1
BRDA:2,0,26,0
BRDA:2,0,27,0
BRDA:2,0,28,1
BRF:29
BRH:11
end_of_record
TN:
SF:src/utils.js
FN:1,procesaDireccionViento
FNF:1
FNH:1
FNDA:6,procesaDireccionViento
DA:2,6
DA:3,6
DA:4,4
DA:5,3
DA:6,2
DA:7,2
DA:8,1
DA:9,0
DA:10,0
DA:11,0
LF:10
LH:7
BRDA:3,0,0,2
BRDA:3,0,1,4
BRDA:3,1,0,6
BRDA:3,1,1,5
BRDA:4,2,0,1
BRDA:4,2,1,3
BRDA:4,3,0,4
BRDA:4,3,1,4
BRDA:5,4,0,1
BRDA:5,4,1,2
BRDA:5,5,0,3
BRDA:5,5,1,3
BRDA:6,6,0,0
BRDA:6,6,1,2
BRDA:6,7,0,2
BRDA:6,7,1,2
BRDA:7,8,0,1
BRDA:7,8,1,1
BRDA:7,9,0,2
BRDA:7,9,1,2
BRDA:8,10,0,1
BRDA:8,10,1,0
BRDA:8,11,0,1
BRDA:8,11,1,1
BRDA:9,12,0,0
BRDA:9,12,1,0
BRDA:9,13,0,0
BRDA:9,13,1,0
BRDA:10,14,0,0
BRDA:10,14,1,0
BRDA:10,15,0,0
BRDA:10,15,1,0
BRF:32
BRH:22
end_of_record
